Entity 0:, Position = (0.00, 0.00)
Entity 1:, Position = (10.00, 10.00)
Entity 2:, Number = 1, Day = Monday, Time = None (yet), Fake Time = None (yet)
---
Entity 0:, Position = (0.50, 0.50)
Entity 1:, Position = (9.50, 9.50)
Entity 2:, Number = 2, Day = Tuesday, Time = None (yet), Fake Time = None (yet)
---
Entity 0:, Position = (1.00, 1.00)
Entity 1:, Position = (9.00, 9.00)
Entity 2:, Number = 3, Day = Tuesday, Time = 35s, Fake Time = 35s
---
Entity 0:, Position = (1.51, 1.51)
Entity 1:, Position = (8.49, 8.49)
Entity 2:, Number = 4, Day = Wednesday, Time = 35s, Fake Time = 35s
---
Entity 0:, Position = (2.01, 2.01)
Entity 1:, Position = (7.99, 7.99)
Entity 2:, Number = 5, Day = Wednesday, Time = 35s, Fake Time = 35s
---
Entity 0:, Position = (2.51, 2.51)
Entity 1:, Position = (7.49, 7.49)
Entity 2:, Number = 6, Day = Thursday, Time = 35s, Fake Time = 35s
---
Entity 0:, Position = (3.01, 3.01)
Entity 1:, Position = (6.99, 6.99)
Entity 2:, Number = 7, Day = Thursday, Time = 36s, Fake Time = 35s
---
Entity 0:, Position = (3.52, 3.52)
Entity 1:, Position = (6.48, 6.48)
Entity 2:, Number = 8, Day = Friday, Time = 36s, Fake Time = 35s
---
Entity 0:, Position = (4.02, 4.02)
Entity 1:, Position = (5.98, 5.98)
Entity 2:, Number = 9, Day = Friday, Time = 36s, Fake Time = 38s
---
Entity 0:, Position = (4.52, 4.52)
Entity 1:, Position = (5.48, 5.48)
Entity 2:, Number = 10, Day = Saturday, Time = 38s, Fake Time = 38s
---
Entity 0:, Position = (0.00, 0.00)
Entity 1:, Position = (10.00, 10.00)
Entity 2:, Number = 1, Day = Monday, Time = None (yet), Fake Time = None (yet)
---
Entity 0:, Position = (0.50, 0.50)
Entity 1:, Position = (9.50, 9.50)
Entity 2:, Number = 2, Day = Tuesday, Time = None (yet), Fake Time = None (yet)
---
Entity 0:, Position = (1.00, 1.00)
Entity 1:, Position = (9.00, 9.00)
Entity 2:, Number = 3, Day = Tuesday, Time = None (yet), Fake Time = 00s
---
Entity 0:, Position = (1.51, 1.51)
Entity 1:, Position = (8.49, 8.49)
Entity 2:, Number = 4, Day = Wednesday, Time = 01s, Fake Time = 00s
---
Entity 0:, Position = (2.01, 2.01)
Entity 1:, Position = (7.99, 7.99)
Entity 2:, Number = 5, Day = Wednesday, Time = 01s, Fake Time = 00s
---
Entity 0:, Position = (2.51, 2.51)
Entity 1:, Position = (7.49, 7.49)
Entity 2:, Number = 6, Day = Thursday, Time = 01s, Fake Time = 00s
---
Entity 0:, Position = (3.01, 3.01)
Entity 1:, Position = (6.99, 6.99)
Entity 2:, Number = 7, Day = Thursday, Time = 01s, Fake Time = 00s
---
Entity 0:, Position = (3.51, 3.51)
Entity 1:, Position = (6.49, 6.49)
Entity 2:, Number = 8, Day = Friday, Time = 02s, Fake Time = 00s
---
Entity 0:, Position = (4.02, 4.02)
Entity 1:, Position = (5.98, 5.98)
Entity 2:, Number = 9, Day = Friday, Time = 02s, Fake Time = 03s
---
Entity 0:, Position = (4.52, 4.52)
Entity 1:, Position = (5.48, 5.48)
Entity 2:, Number = 10, Day = Saturday, Time = 04s, Fake Time = 03s
---
Entity 0:, Position = (5.02, 5.02)
Entity 1:, Position = (4.98, 4.98)
Entity 2:, Number = 11, Day = Saturday, Time = 04s, Fake Time = 03s
---
Entity 0:, Position = (5.52, 5.52)
Entity 1:, Position = (4.48, 4.48)
Entity 2:, Number = 12, Day = Sunday, Time = 04s, Fake Time = 03s
---
Entity 0:, Position = (6.03, 6.03)
Entity 1:, Position = (3.97, 3.97)
Entity 2:, Number = 13, Day = Sunday, Time = 04s, Fake Time = 03s
---
Entity 0:, Position = (6.53, 6.53)
Entity 1:, Position = (3.47, 3.47)
Entity 2:, Number = 14, Day = Monday, Time = 06s, Fake Time = 03s
---
Entity 0:, Position = (7.03, 7.03)
Entity 1:, Position = (2.97, 2.97)
Entity 2:, Number = 15, Day = Monday, Time = 06s, Fake Time = 06s
---
Entity 0:, Position = (7.53, 7.53)
Entity 1:, Position = (2.47, 2.47)
Entity 2:, Number = 16, Day = Tuesday, Time = 06s, Fake Time = 06s
---
Entity 0:, Position = (8.04, 8.04)
Entity 1:, Position = (1.96, 1.96)
Entity 2:, Number = 17, Day = Tuesday, Time = 07s, Fake Time = 06s
---
Entity 0:, Position = (8.54, 8.54)
Entity 1:, Position = (1.46, 1.46)
Entity 2:, Number = 18, Day = Wednesday, Time = 07s, Fake Time = 06s
---
Entity 0:, Position = (9.04, 9.04)
Entity 1:, Position = (0.96, 0.96)
Entity 2:, Number = 19, Day = Wednesday, Time = 07s, Fake Time = 06s
---
Entity 0:, Position = (9.55, 9.55)
Entity 1:, Position = (0.45, 0.45)
Entity 2:, Number = 20, Day = Thursday, Time = 08s, Fake Time = 06s
---
Entity 0:, Position = (10.05, 10.05)
Entity 1:, Position = (-0.05, -0.05)
Entity 2:, Number = 21, Day = Thursday, Time = 08s, Fake Time = 09s
---
Entity 0:, Position = (10.55, 10.55)
Entity 1:, Position = (-0.55, -0.55)
Entity 2:, Number = 22, Day = Friday, Time = 08s, Fake Time = 09s
---
Entity 0:, Position = (11.05, 11.05)
Entity 1:, Position = (-1.05, -1.05)
Entity 2:, Number = 23, Day = Friday, Time = 10s, Fake Time = 09s
---
Entity 0:, Position = (11.56, 11.56)
Entity 1:, Position = (-1.56, -1.56)
Entity 2:, Number = 24, Day = Saturday, Time = 10s, Fake Time = 09s
---
Entity 0:, Position = (12.07, 12.07)
Entity 1:, Position = (-2.07, -2.07)
Entity 2:, Number = 25, Day = Saturday, Time = 11s, Fake Time = 09s
---
Entity 0:, Position = (12.57, 12.57)
Entity 1:, Position = (-2.57, -2.57)
Entity 2:, Number = 26, Day = Sunday, Time = 11s, Fake Time = 09s
---
Entity 0:, Position = (13.08, 13.08)
Entity 1:, Position = (-3.08, -3.08)
Entity 2:, Number = 27, Day = Sunday, Time = 12s, Fake Time = 12s
---
Entity 0:, Position = (13.58, 13.58)
Entity 1:, Position = (-3.58, -3.58)
Entity 2:, Number = 28, Day = Monday, Time = 12s, Fake Time = 12s
---
Entity 0:, Position = (14.08, 14.08)
Entity 1:, Position = (-4.08, -4.08)
Entity 2:, Number = 29, Day = Monday, Time = 12s, Fake Time = 12s
---
Entity 0:, Position = (14.58, 14.58)
Entity 1:, Position = (-4.58, -4.58)
Entity 2:, Number = 30, Day = Tuesday, Time = 12s, Fake Time = 12s
---
Entity 0:, Position = (0.00, 0.00)
Entity 1:, Position = (10.00, 10.00)
Entity 2:, Number = 1, Day = Monday, Time = None (yet), Fake Time = None (yet)
---
Entity 0:, Position = (0.50, 0.50)
Entity 1:, Position = (9.50, 9.50)
Entity 2:, Number = 2, Day = Tuesday, Time = None (yet), Fake Time = None (yet)
---
Entity 0:, Position = (1.00, 1.00)
Entity 1:, Position = (9.00, 9.00)
Entity 2:, Number = 3, Day = Tuesday, Time = None (yet), Fake Time = 20s
---
Entity 0:, Position = (1.51, 1.51)
Entity 1:, Position = (8.49, 8.49)
Entity 2:, Number = 4, Day = Wednesday, Time = 20s, Fake Time = 20s
---
Entity 0:, Position = (2.01, 2.01)
Entity 1:, Position = (7.99, 7.99)
Entity 2:, Number = 5, Day = Wednesday, Time = 20s, Fake Time = 20s
---
Entity 0:, Position = (2.51, 2.51)
Entity 1:, Position = (7.49, 7.49)
Entity 2:, Number = 6, Day = Thursday, Time = 21s, Fake Time = 20s
---
Entity 0:, Position = (3.01, 3.01)
Entity 1:, Position = (6.99, 6.99)
Entity 2:, Number = 7, Day = Thursday, Time = 21s, Fake Time = 20s
---
Entity 0:, Position = (3.52, 3.52)
Entity 1:, Position = (6.48, 6.48)
Entity 2:, Number = 8, Day = Friday, Time = 22s, Fake Time = 20s
---
Entity 0:, Position = (4.02, 4.02)
Entity 1:, Position = (5.98, 5.98)
Entity 2:, Number = 9, Day = Friday, Time = 22s, Fake Time = 23s
---
Entity 0:, Position = (4.52, 4.52)
Entity 1:, Position = (5.48, 5.48)
Entity 2:, Number = 10, Day = Saturday, Time = 22s, Fake Time = 23s
---
Entity 0:, Position = (5.02, 5.02)
Entity 1:, Position = (4.98, 4.98)
Entity 2:, Number = 11, Day = Saturday, Time = 24s, Fake Time = 23s
---
Entity 0:, Position = (5.53, 5.53)
Entity 1:, Position = (4.47, 4.47)
Entity 2:, Number = 12, Day = Sunday, Time = 24s, Fake Time = 23s
---
Entity 0:, Position = (6.03, 6.03)
Entity 1:, Position = (3.97, 3.97)
Entity 2:, Number = 13, Day = Sunday, Time = 25s, Fake Time = 23s
---
Entity 0:, Position = (6.53, 6.53)
Entity 1:, Position = (3.47, 3.47)
Entity 2:, Number = 14, Day = Monday, Time = 25s, Fake Time = 23s
---
Entity 0:, Position = (7.04, 7.04)
Entity 1:, Position = (2.96, 2.96)
Entity 2:, Number = 15, Day = Monday, Time = 26s, Fake Time = 26s
---
Entity 0:, Position = (7.54, 7.54)
Entity 1:, Position = (2.46, 2.46)
Entity 2:, Number = 16, Day = Tuesday, Time = 26s, Fake Time = 26s
---
Entity 0:, Position = (8.04, 8.04)
Entity 1:, Position = (1.96, 1.96)
Entity 2:, Number = 17, Day = Tuesday, Time = 26s, Fake Time = 26s
---
Entity 0:, Position = (8.54, 8.54)
Entity 1:, Position = (1.46, 1.46)
Entity 2:, Number = 18, Day = Wednesday, Time = 26s, Fake Time = 26s
---
Entity 0:, Position = (9.05, 9.05)
Entity 1:, Position = (0.95, 0.95)
Entity 2:, Number = 19, Day = Wednesday, Time = 27s, Fake Time = 26s
---
Entity 0:, Position = (9.55, 9.55)
Entity 1:, Position = (0.45, 0.45)
Entity 2:, Number = 20, Day = Thursday, Time = 27s, Fake Time = 26s
---
Entity 0:, Position = (10.05, 10.05)
Entity 1:, Position = (-0.05, -0.05)
Entity 2:, Number = 21, Day = Thursday, Time = 29s, Fake Time = 29s
---
Entity 0:, Position = (10.55, 10.55)
Entity 1:, Position = (-0.55, -0.55)
Entity 2:, Number = 22, Day = Friday, Time = 29s, Fake Time = 29s
---
Entity 0:, Position = (11.06, 11.06)
Entity 1:, Position = (-1.06, -1.06)
Entity 2:, Number = 23, Day = Friday, Time = 29s, Fake Time = 29s
---
Entity 0:, Position = (11.56, 11.56)
Entity 1:, Position = (-1.56, -1.56)
Entity 2:, Number = 24, Day = Saturday, Time = 30s, Fake Time = 29s
---
Entity 0:, Position = (12.06, 12.06)
Entity 1:, Position = (-2.06, -2.06)
Entity 2:, Number = 25, Day = Saturday, Time = 30s, Fake Time = 29s
---
Entity 0:, Position = (12.56, 12.56)
Entity 1:, Position = (-2.56, -2.56)
Entity 2:, Number = 26, Day = Sunday, Time = 30s, Fake Time = 29s
---
Entity 0:, Position = (13.07, 13.07)
Entity 1:, Position = (-3.07, -3.07)
Entity 2:, Number = 27, Day = Sunday, Time = 32s, Fake Time = 32s
---
Entity 0:, Position = (13.57, 13.57)
Entity 1:, Position = (-3.57, -3.57)
Entity 2:, Number = 28, Day = Monday, Time = 32s, Fake Time = 32s
---
Entity 0:, Position = (14.07, 14.07)
Entity 1:, Position = (-4.07, -4.07)
Entity 2:, Number = 29, Day = Monday, Time = 32s, Fake Time = 32s
---
Entity 0:, Position = (14.58, 14.58)
Entity 1:, Position = (-4.58, -4.58)
Entity 2:, Number = 30, Day = Tuesday, Time = 33s, Fake Time = 32s
---
Entity 0:, Position = (0.00, 0.00)
Entity 1:, Position = (10.00, 10.00)
Entity 2:, Number = 1, Day = Monday, Time = None (yet), Fake Time = None (yet)
---
Entity 0:, Position = (0.15, 0.15)
Entity 1:, Position = (9.85, 9.85)
Entity 2:, Number = 2, Day = Tuesday, Time = None (yet), Fake Time = None (yet)
---
Entity 0:, Position = (0.30, 0.30)
Entity 1:, Position = (9.70, 9.70)
Entity 2:, Number = 3, Day = Tuesday, Time = None (yet), Fake Time = None (yet)
---
Entity 0:, Position = (0.45, 0.45)
Entity 1:, Position = (9.55, 9.55)
Entity 2:, Number = 4, Day = Wednesday, Time = None (yet), Fake Time = None (yet)
---
Entity 0:, Position = (0.61, 0.61)
Entity 1:, Position = (9.39, 9.39)
Entity 2:, Number = 5, Day = Wednesday, Time = None (yet), Fake Time = None (yet)
---
Entity 0:, Position = (0.76, 0.76)
Entity 1:, Position = (9.24, 9.24)
Entity 2:, Number = 6, Day = Thursday, Time = 28s, Fake Time = None (yet)
---
Entity 0:, Position = (0.91, 0.91)
Entity 1:, Position = (9.09, 9.09)
Entity 2:, Number = 7, Day = Thursday, Time = 28s, Fake Time = None (yet)
---
Entity 0:, Position = (1.06, 1.06)
Entity 1:, Position = (8.94, 8.94)
Entity 2:, Number = 8, Day = Friday, Time = 28s, Fake Time = 28s
---
Entity 0:, Position = (1.22, 1.22)
Entity 1:, Position = (8.78, 8.78)
Entity 2:, Number = 9, Day = Friday, Time = 28s, Fake Time = 28s
---
Entity 0:, Position = (1.37, 1.37)
Entity 1:, Position = (8.63, 8.63)
Entity 2:, Number = 10, Day = Saturday, Time = 28s, Fake Time = 28s
---
Entity 0:, Position = (1.52, 1.52)
Entity 1:, Position = (8.48, 8.48)
Entity 2:, Number = 11, Day = Saturday, Time = 28s, Fake Time = 28s
---
Entity 0:, Position = (1.67, 1.67)
Entity 1:, Position = (8.33, 8.33)
Entity 2:, Number = 12, Day = Sunday, Time = 28s, Fake Time = 28s
---
Entity 0:, Position = (1.83, 1.83)
Entity 1:, Position = (8.17, 8.17)
Entity 2:, Number = 13, Day = Sunday, Time = 29s, Fake Time = 28s
---
Entity 0:, Position = (1.98, 1.98)
Entity 1:, Position = (8.02, 8.02)
Entity 2:, Number = 14, Day = Monday, Time = 29s, Fake Time = 28s
---
Entity 0:, Position = (2.13, 2.13)
Entity 1:, Position = (7.87, 7.87)
Entity 2:, Number = 15, Day = Monday, Time = 29s, Fake Time = 28s
---
Entity 0:, Position = (2.28, 2.28)
Entity 1:, Position = (7.72, 7.72)
Entity 2:, Number = 16, Day = Tuesday, Time = 29s, Fake Time = 28s
---
Entity 0:, Position = (2.44, 2.44)
Entity 1:, Position = (7.56, 7.56)
Entity 2:, Number = 17, Day = Tuesday, Time = 29s, Fake Time = 28s
---
Entity 0:, Position = (2.59, 2.59)
Entity 1:, Position = (7.41, 7.41)
Entity 2:, Number = 18, Day = Wednesday, Time = 29s, Fake Time = 28s
---
Entity 0:, Position = (2.74, 2.74)
Entity 1:, Position = (7.26, 7.26)
Entity 2:, Number = 19, Day = Wednesday, Time = 29s, Fake Time = 28s
---
Entity 0:, Position = (2.89, 2.89)
Entity 1:, Position = (7.11, 7.11)
Entity 2:, Number = 20, Day = Thursday, Time = 29s, Fake Time = 28s
---
Entity 0:, Position = (3.05, 3.05)
Entity 1:, Position = (6.95, 6.95)
Entity 2:, Number = 21, Day = Thursday, Time = 29s, Fake Time = 28s
---
Entity 0:, Position = (3.20, 3.20)
Entity 1:, Position = (6.80, 6.80)
Entity 2:, Number = 22, Day = Friday, Time = 31s, Fake Time = 28s
---
Entity 0:, Position = (3.35, 3.35)
Entity 1:, Position = (6.65, 6.65)
Entity 2:, Number = 23, Day = Friday, Time = 31s, Fake Time = 28s
---
Entity 0:, Position = (3.50, 3.50)
Entity 1:, Position = (6.50, 6.50)
Entity 2:, Number = 24, Day = Saturday, Time = 31s, Fake Time = 28s
---
Entity 0:, Position = (3.66, 3.66)
Entity 1:, Position = (6.34, 6.34)
Entity 2:, Number = 25, Day = Saturday, Time = 31s, Fake Time = 28s
---
Entity 0:, Position = (3.81, 3.81)
Entity 1:, Position = (6.19, 6.19)
Entity 2:, Number = 26, Day = Sunday, Time = 31s, Fake Time = 28s
---
Entity 0:, Position = (3.96, 3.96)
Entity 1:, Position = (6.04, 6.04)
Entity 2:, Number = 27, Day = Sunday, Time = 31s, Fake Time = 28s
---
Entity 0:, Position = (4.12, 4.12)
Entity 1:, Position = (5.88, 5.88)
Entity 2:, Number = 28, Day = Monday, Time = 31s, Fake Time = 31s
---
Entity 0:, Position = (4.27, 4.27)
Entity 1:, Position = (5.73, 5.73)
Entity 2:, Number = 29, Day = Monday, Time = 31s, Fake Time = 31s
---
Entity 0:, Position = (4.42, 4.42)
Entity 1:, Position = (5.58, 5.58)
Entity 2:, Number = 30, Day = Tuesday, Time = 31s, Fake Time = 31s
---
Entity 0:, Position = (4.57, 4.57)
Entity 1:, Position = (5.43, 5.43)
Entity 2:, Number = 31, Day = Tuesday, Time = 32s, Fake Time = 31s
---
Entity 0:, Position = (4.73, 4.73)
Entity 1:, Position = (5.27, 5.27)
Entity 2:, Number = 32, Day = Wednesday, Time = 32s, Fake Time = 31s
---
Entity 0:, Position = (4.88, 4.88)
Entity 1:, Position = (5.12, 5.12)
Entity 2:, Number = 33, Day = Wednesday, Time = 32s, Fake Time = 31s
---
Entity 0:, Position = (5.03, 5.03)
Entity 1:, Position = (4.97, 4.97)
Entity 2:, Number = 34, Day = Thursday, Time = 32s, Fake Time = 31s
---
Entity 0:, Position = (5.18, 5.18)
Entity 1:, Position = (4.82, 4.82)
Entity 2:, Number = 35, Day = Thursday, Time = 32s, Fake Time = 31s
---
Entity 0:, Position = (5.34, 5.34)
Entity 1:, Position = (4.66, 4.66)
Entity 2:, Number = 36, Day = Friday, Time = 32s, Fake Time = 31s
---
Entity 0:, Position = (5.49, 5.49)
Entity 1:, Position = (4.51, 4.51)
Entity 2:, Number = 37, Day = Friday, Time = 32s, Fake Time = 31s
---
Entity 0:, Position = (5.64, 5.64)
Entity 1:, Position = (4.36, 4.36)
Entity 2:, Number = 38, Day = Saturday, Time = 32s, Fake Time = 31s
---
Entity 0:, Position = (5.79, 5.79)
Entity 1:, Position = (4.21, 4.21)
Entity 2:, Number = 39, Day = Saturday, Time = 32s, Fake Time = 31s
---
Entity 0:, Position = (5.94, 5.94)
Entity 1:, Position = (4.06, 4.06)
Entity 2:, Number = 40, Day = Sunday, Time = 32s, Fake Time = 31s
---
Entity 0:, Position = (6.09, 6.09)
Entity 1:, Position = (3.91, 3.91)
Entity 2:, Number = 41, Day = Sunday, Time = 33s, Fake Time = 31s
---
Entity 0:, Position = (6.25, 6.25)
Entity 1:, Position = (3.75, 3.75)
Entity 2:, Number = 42, Day = Monday, Time = 33s, Fake Time = 31s
---
Entity 0:, Position = (6.40, 6.40)
Entity 1:, Position = (3.60, 3.60)
Entity 2:, Number = 43, Day = Monday, Time = 33s, Fake Time = 31s
---
Entity 0:, Position = (6.55, 6.55)
Entity 1:, Position = (3.45, 3.45)
Entity 2:, Number = 44, Day = Tuesday, Time = 33s, Fake Time = 31s
---
Entity 0:, Position = (6.70, 6.70)
Entity 1:, Position = (3.30, 3.30)
Entity 2:, Number = 45, Day = Tuesday, Time = 33s, Fake Time = 31s
---
Entity 0:, Position = (6.86, 6.86)
Entity 1:, Position = (3.14, 3.14)
Entity 2:, Number = 46, Day = Wednesday, Time = 33s, Fake Time = 31s
---
Entity 0:, Position = (7.01, 7.01)
Entity 1:, Position = (2.99, 2.99)
Entity 2:, Number = 47, Day = Wednesday, Time = 33s, Fake Time = 31s
---
Entity 0:, Position = (7.16, 7.16)
Entity 1:, Position = (2.84, 2.84)
Entity 2:, Number = 48, Day = Thursday, Time = 33s, Fake Time = 34s
---
Entity 0:, Position = (7.31, 7.31)
Entity 1:, Position = (2.69, 2.69)
Entity 2:, Number = 49, Day = Thursday, Time = 35s, Fake Time = 34s
---
Entity 0:, Position = (7.47, 7.47)
Entity 1:, Position = (2.53, 2.53)
Entity 2:, Number = 50, Day = Friday, Time = 35s, Fake Time = 34s
---
Entity 0:, Position = (7.62, 7.62)
Entity 1:, Position = (2.38, 2.38)
Entity 2:, Number = 51, Day = Friday, Time = 35s, Fake Time = 34s
---
Entity 0:, Position = (7.77, 7.77)
Entity 1:, Position = (2.23, 2.23)
Entity 2:, Number = 52, Day = Saturday, Time = 35s, Fake Time = 34s
---
Entity 0:, Position = (7.92, 7.92)
Entity 1:, Position = (2.08, 2.08)
Entity 2:, Number = 53, Day = Saturday, Time = 35s, Fake Time = 34s
---
Entity 0:, Position = (8.08, 8.08)
Entity 1:, Position = (1.92, 1.92)
Entity 2:, Number = 54, Day = Sunday, Time = 35s, Fake Time = 34s
---
Entity 0:, Position = (8.23, 8.23)
Entity 1:, Position = (1.77, 1.77)
Entity 2:, Number = 55, Day = Sunday, Time = 35s, Fake Time = 34s
---
Entity 0:, Position = (8.38, 8.38)
Entity 1:, Position = (1.62, 1.62)
Entity 2:, Number = 56, Day = Monday, Time = 35s, Fake Time = 34s
---
Entity 0:, Position = (8.53, 8.53)
Entity 1:, Position = (1.47, 1.47)
Entity 2:, Number = 57, Day = Monday, Time = 35s, Fake Time = 34s
---
Entity 0:, Position = (8.68, 8.68)
Entity 1:, Position = (1.32, 1.32)
Entity 2:, Number = 58, Day = Tuesday, Time = 35s, Fake Time = 34s
---
Entity 0:, Position = (8.84, 8.84)
Entity 1:, Position = (1.16, 1.16)
Entity 2:, Number = 59, Day = Tuesday, Time = 36s, Fake Time = 34s
---
Entity 0:, Position = (8.99, 8.99)
Entity 1:, Position = (1.01, 1.01)
Entity 2:, Number = 60, Day = Wednesday, Time = 36s, Fake Time = 34s
---
Entity 0:, Position = (9.14, 9.14)
Entity 1:, Position = (0.86, 0.86)
Entity 2:, Number = 61, Day = Wednesday, Time = 36s, Fake Time = 34s
---
Entity 0:, Position = (9.29, 9.29)
Entity 1:, Position = (0.71, 0.71)
Entity 2:, Number = 62, Day = Thursday, Time = 36s, Fake Time = 34s
---
Entity 0:, Position = (9.44, 9.44)
Entity 1:, Position = (0.56, 0.56)
Entity 2:, Number = 63, Day = Thursday, Time = 36s, Fake Time = 34s
---
Entity 0:, Position = (9.60, 9.60)
Entity 1:, Position = (0.40, 0.40)
Entity 2:, Number = 64, Day = Friday, Time = 36s, Fake Time = 34s
---
Entity 0:, Position = (9.75, 9.75)
Entity 1:, Position = (0.25, 0.25)
Entity 2:, Number = 65, Day = Friday, Time = 36s, Fake Time = 34s
---
Entity 0:, Position = (9.90, 9.90)
Entity 1:, Position = (0.10, 0.10)
Entity 2:, Number = 66, Day = Saturday, Time = 37s, Fake Time = 34s
---
Entity 0:, Position = (10.05, 10.05)
Entity 1:, Position = (-0.05, -0.05)
Entity 2:, Number = 67, Day = Saturday, Time = 37s, Fake Time = 34s
---
Entity 0:, Position = (10.21, 10.21)
Entity 1:, Position = (-0.21, -0.21)
Entity 2:, Number = 68, Day = Sunday, Time = 37s, Fake Time = 38s
---
Entity 0:, Position = (10.36, 10.36)
Entity 1:, Position = (-0.36, -0.36)
Entity 2:, Number = 69, Day = Sunday, Time = 37s, Fake Time = 38s
---
Entity 0:, Position = (10.51, 10.51)
Entity 1:, Position = (-0.51, -0.51)
Entity 2:, Number = 70, Day = Monday, Time = 37s, Fake Time = 38s
---
Entity 0:, Position = (10.66, 10.66)
Entity 1:, Position = (-0.66, -0.66)
Entity 2:, Number = 71, Day = Monday, Time = 37s, Fake Time = 38s
---
Entity 0:, Position = (10.82, 10.82)
Entity 1:, Position = (-0.82, -0.82)
Entity 2:, Number = 72, Day = Tuesday, Time = 38s, Fake Time = 38s
---
Entity 0:, Position = (10.97, 10.97)
Entity 1:, Position = (-0.97, -0.97)
Entity 2:, Number = 73, Day = Tuesday, Time = 38s, Fake Time = 38s
---
Entity 0:, Position = (11.12, 11.12)
Entity 1:, Position = (-1.12, -1.12)
Entity 2:, Number = 74, Day = Wednesday, Time = 38s, Fake Time = 38s
---
Entity 0:, Position = (11.27, 11.27)
Entity 1:, Position = (-1.27, -1.27)
Entity 2:, Number = 75, Day = Wednesday, Time = 38s, Fake Time = 38s
---
Entity 0:, Position = (11.42, 11.42)
Entity 1:, Position = (-1.42, -1.42)
Entity 2:, Number = 76, Day = Thursday, Time = 38s, Fake Time = 38s
---
Entity 0:, Position = (11.58, 11.58)
Entity 1:, Position = (-1.58, -1.58)
Entity 2:, Number = 77, Day = Thursday, Time = 38s, Fake Time = 38s
---
Entity 0:, Position = (11.73, 11.73)
Entity 1:, Position = (-1.73, -1.73)
Entity 2:, Number = 78, Day = Friday, Time = 38s, Fake Time = 38s
---
Entity 0:, Position = (11.88, 11.88)
Entity 1:, Position = (-1.88, -1.88)
Entity 2:, Number = 79, Day = Friday, Time = 38s, Fake Time = 38s
---
Entity 0:, Position = (12.03, 12.03)
Entity 1:, Position = (-2.03, -2.03)
Entity 2:, Number = 80, Day = Saturday, Time = 38s, Fake Time = 38s
---
Entity 0:, Position = (12.18, 12.18)
Entity 1:, Position = (-2.18, -2.18)
Entity 2:, Number = 81, Day = Saturday, Time = 39s, Fake Time = 38s
---
Entity 0:, Position = (12.34, 12.34)
Entity 1:, Position = (-2.34, -2.34)
Entity 2:, Number = 82, Day = Sunday, Time = 39s, Fake Time = 38s
---
Entity 0:, Position = (12.49, 12.49)
Entity 1:, Position = (-2.49, -2.49)
Entity 2:, Number = 83, Day = Sunday, Time = 39s, Fake Time = 38s
---
Entity 0:, Position = (12.64, 12.64)
Entity 1:, Position = (-2.64, -2.64)
Entity 2:, Number = 84, Day = Monday, Time = 39s, Fake Time = 38s
---
Entity 0:, Position = (12.79, 12.79)
Entity 1:, Position = (-2.79, -2.79)
Entity 2:, Number = 85, Day = Monday, Time = 39s, Fake Time = 38s
---
Entity 0:, Position = (12.95, 12.95)
Entity 1:, Position = (-2.95, -2.95)
Entity 2:, Number = 86, Day = Tuesday, Time = 40s, Fake Time = 38s
---
Entity 0:, Position = (13.10, 13.10)
Entity 1:, Position = (-3.10, -3.10)
Entity 2:, Number = 87, Day = Tuesday, Time = 40s, Fake Time = 38s
---
Entity 0:, Position = (13.25, 13.25)
Entity 1:, Position = (-3.25, -3.25)
Entity 2:, Number = 88, Day = Wednesday, Time = 40s, Fake Time = 41s
---
Entity 0:, Position = (13.40, 13.40)
Entity 1:, Position = (-3.40, -3.40)
Entity 2:, Number = 89, Day = Wednesday, Time = 40s, Fake Time = 41s
---
Entity 0:, Position = (13.56, 13.56)
Entity 1:, Position = (-3.56, -3.56)
Entity 2:, Number = 90, Day = Thursday, Time = 40s, Fake Time = 41s
---
Entity 0:, Position = (13.71, 13.71)
Entity 1:, Position = (-3.71, -3.71)
Entity 2:, Number = 91, Day = Thursday, Time = 40s, Fake Time = 41s
---
Entity 0:, Position = (13.86, 13.86)
Entity 1:, Position = (-3.86, -3.86)
Entity 2:, Number = 92, Day = Friday, Time = 40s, Fake Time = 41s
---
Entity 0:, Position = (14.01, 14.01)
Entity 1:, Position = (-4.01, -4.01)
Entity 2:, Number = 93, Day = Friday, Time = 40s, Fake Time = 41s
---
Entity 0:, Position = (14.17, 14.17)
Entity 1:, Position = (-4.17, -4.17)
Entity 2:, Number = 94, Day = Saturday, Time = 40s, Fake Time = 41s
---
Entity 0:, Position = (14.32, 14.32)
Entity 1:, Position = (-4.32, -4.32)
Entity 2:, Number = 95, Day = Saturday, Time = 40s, Fake Time = 41s
---
Entity 0:, Position = (14.47, 14.47)
Entity 1:, Position = (-4.47, -4.47)
Entity 2:, Number = 96, Day = Sunday, Time = 42s, Fake Time = 41s
---
Entity 0:, Position = (14.62, 14.62)
Entity 1:, Position = (-4.62, -4.62)
Entity 2:, Number = 97, Day = Sunday, Time = 42s, Fake Time = 41s
---
Entity 0:, Position = (14.77, 14.77)
Entity 1:, Position = (-4.77, -4.77)
Entity 2:, Number = 98, Day = Monday, Time = 42s, Fake Time = 41s
---
Entity 0:, Position = (14.93, 14.93)
Entity 1:, Position = (-4.93, -4.93)
Entity 2:, Number = 99, Day = Monday, Time = 42s, Fake Time = 41s
---
Entity 0:, Position = (0.00, 0.00)
Entity 1:, Position = (10.00, 10.00)
Entity 2:, Number = 1, Day = Monday, Time = None (yet), Fake Time = None (yet)
---
Entity 0:, Position = (0.15, 0.15)
Entity 1:, Position = (9.85, 9.85)
Entity 2:, Number = 2, Day = Tuesday, Time = None (yet), Fake Time = None (yet)
---
Entity 0:, Position = (0.30, 0.30)
Entity 1:, Position = (9.70, 9.70)
Entity 2:, Number = 3, Day = Tuesday, Time = None (yet), Fake Time = None (yet)
---
Entity 0:, Position = (0.46, 0.46)
Entity 1:, Position = (9.54, 9.54)
Entity 2:, Number = 4, Day = Wednesday, Time = None (yet), Fake Time = None (yet)
---
Entity 0:, Position = (0.61, 0.61)
Entity 1:, Position = (9.39, 9.39)
Entity 2:, Number = 5, Day = Wednesday, Time = None (yet), Fake Time = None (yet)
---
Entity 0:, Position = (0.76, 0.76)
Entity 1:, Position = (9.24, 9.24)
Entity 2:, Number = 6, Day = Thursday, Time = None (yet), Fake Time = None (yet)
---
Entity 0:, Position = (0.91, 0.91)
Entity 1:, Position = (9.09, 9.09)
Entity 2:, Number = 7, Day = Thursday, Time = 46s, Fake Time = None (yet)
---
Entity 0:, Position = (1.06, 1.06)
Entity 1:, Position = (8.94, 8.94)
Entity 2:, Number = 8, Day = Friday, Time = 46s, Fake Time = 46s
---
Entity 0:, Position = (1.22, 1.22)
Entity 1:, Position = (8.78, 8.78)
Entity 2:, Number = 9, Day = Friday, Time = 46s, Fake Time = 46s
---
Entity 0:, Position = (1.37, 1.37)
Entity 1:, Position = (8.63, 8.63)
Entity 2:, Number = 10, Day = Saturday, Time = 46s, Fake Time = 46s
---
Entity 0:, Position = (1.52, 1.52)
Entity 1:, Position = (8.48, 8.48)
Entity 2:, Number = 11, Day = Saturday, Time = 46s, Fake Time = 46s
---
Entity 0:, Position = (1.68, 1.68)
Entity 1:, Position = (8.32, 8.32)
Entity 2:, Number = 12, Day = Sunday, Time = 46s, Fake Time = 46s
---
Entity 0:, Position = (1.83, 1.83)
Entity 1:, Position = (8.17, 8.17)
Entity 2:, Number = 13, Day = Sunday, Time = 46s, Fake Time = 46s
---
Entity 0:, Position = (1.98, 1.98)
Entity 1:, Position = (8.02, 8.02)
Entity 2:, Number = 14, Day = Monday, Time = 47s, Fake Time = 46s
---
Entity 0:, Position = (2.13, 2.13)
Entity 1:, Position = (7.87, 7.87)
Entity 2:, Number = 15, Day = Monday, Time = 47s, Fake Time = 46s
---
Entity 0:, Position = (2.29, 2.29)
Entity 1:, Position = (7.71, 7.71)
Entity 2:, Number = 16, Day = Tuesday, Time = 47s, Fake Time = 46s
---
Entity 0:, Position = (2.44, 2.44)
Entity 1:, Position = (7.56, 7.56)
Entity 2:, Number = 17, Day = Tuesday, Time = 47s, Fake Time = 46s
---
Entity 0:, Position = (2.59, 2.59)
Entity 1:, Position = (7.41, 7.41)
Entity 2:, Number = 18, Day = Wednesday, Time = 47s, Fake Time = 46s
---
Entity 0:, Position = (2.74, 2.74)
Entity 1:, Position = (7.26, 7.26)
Entity 2:, Number = 19, Day = Wednesday, Time = 47s, Fake Time = 46s
---
Entity 0:, Position = (2.90, 2.90)
Entity 1:, Position = (7.10, 7.10)
Entity 2:, Number = 20, Day = Thursday, Time = 47s, Fake Time = 46s
---
Entity 0:, Position = (3.05, 3.05)
Entity 1:, Position = (6.95, 6.95)
Entity 2:, Number = 21, Day = Thursday, Time = 47s, Fake Time = 46s
---
Entity 0:, Position = (3.20, 3.20)
Entity 1:, Position = (6.80, 6.80)
Entity 2:, Number = 22, Day = Friday, Time = 47s, Fake Time = 46s
---
Entity 0:, Position = (3.35, 3.35)
Entity 1:, Position = (6.65, 6.65)
Entity 2:, Number = 23, Day = Friday, Time = 49s, Fake Time = 46s
---
Entity 0:, Position = (3.50, 3.50)
Entity 1:, Position = (6.50, 6.50)
Entity 2:, Number = 24, Day = Saturday, Time = 49s, Fake Time = 46s
---
Entity 0:, Position = (3.67, 3.67)
Entity 1:, Position = (6.33, 6.33)
Entity 2:, Number = 25, Day = Saturday, Time = 49s, Fake Time = 46s
---
Entity 0:, Position = (3.82, 3.82)
Entity 1:, Position = (6.18, 6.18)
Entity 2:, Number = 26, Day = Sunday, Time = 49s, Fake Time = 46s
---
Entity 0:, Position = (3.98, 3.98)
Entity 1:, Position = (6.02, 6.02)
Entity 2:, Number = 27, Day = Sunday, Time = 49s, Fake Time = 46s
---
Entity 0:, Position = (4.14, 4.14)
Entity 1:, Position = (5.86, 5.86)
Entity 2:, Number = 28, Day = Monday, Time = 49s, Fake Time = 49s
---
Entity 0:, Position = (4.29, 4.29)
Entity 1:, Position = (5.71, 5.71)
Entity 2:, Number = 29, Day = Monday, Time = 49s, Fake Time = 49s
---
Entity 0:, Position = (4.45, 4.45)
Entity 1:, Position = (5.55, 5.55)
Entity 2:, Number = 30, Day = Tuesday, Time = 49s, Fake Time = 49s
---
Entity 0:, Position = (4.60, 4.60)
Entity 1:, Position = (5.40, 5.40)
Entity 2:, Number = 31, Day = Tuesday, Time = 50s, Fake Time = 49s
---
Entity 0:, Position = (4.75, 4.75)
Entity 1:, Position = (5.25, 5.25)
Entity 2:, Number = 32, Day = Wednesday, Time = 50s, Fake Time = 49s
---
Entity 0:, Position = (4.91, 4.91)
Entity 1:, Position = (5.09, 5.09)
Entity 2:, Number = 33, Day = Wednesday, Time = 50s, Fake Time = 49s
---
Entity 0:, Position = (5.06, 5.06)
Entity 1:, Position = (4.94, 4.94)
Entity 2:, Number = 34, Day = Thursday, Time = 50s, Fake Time = 49s
---
Entity 0:, Position = (5.21, 5.21)
Entity 1:, Position = (4.79, 4.79)
Entity 2:, Number = 35, Day = Thursday, Time = 50s, Fake Time = 49s
---
Entity 0:, Position = (5.36, 5.36)
Entity 1:, Position = (4.64, 4.64)
Entity 2:, Number = 36, Day = Friday, Time = 50s, Fake Time = 49s
---
Entity 0:, Position = (5.52, 5.52)
Entity 1:, Position = (4.48, 4.48)
Entity 2:, Number = 37, Day = Friday, Time = 51s, Fake Time = 49s
---
Entity 0:, Position = (5.67, 5.67)
Entity 1:, Position = (4.33, 4.33)
Entity 2:, Number = 38, Day = Saturday, Time = 51s, Fake Time = 49s
---
Entity 0:, Position = (5.82, 5.82)
Entity 1:, Position = (4.18, 4.18)
Entity 2:, Number = 39, Day = Saturday, Time = 51s, Fake Time = 49s
---
Entity 0:, Position = (5.97, 5.97)
Entity 1:, Position = (4.03, 4.03)
Entity 2:, Number = 40, Day = Sunday, Time = 51s, Fake Time = 49s
---
Entity 0:, Position = (6.13, 6.13)
Entity 1:, Position = (3.87, 3.87)
Entity 2:, Number = 41, Day = Sunday, Time = 51s, Fake Time = 49s
---
Entity 0:, Position = (6.28, 6.28)
Entity 1:, Position = (3.72, 3.72)
Entity 2:, Number = 42, Day = Monday, Time = 52s, Fake Time = 49s
---
Entity 0:, Position = (6.43, 6.43)
Entity 1:, Position = (3.57, 3.57)
Entity 2:, Number = 43, Day = Monday, Time = 52s, Fake Time = 49s
---
Entity 0:, Position = (6.58, 6.58)
Entity 1:, Position = (3.42, 3.42)
Entity 2:, Number = 44, Day = Tuesday, Time = 52s, Fake Time = 49s
---
Entity 0:, Position = (6.74, 6.74)
Entity 1:, Position = (3.26, 3.26)
Entity 2:, Number = 45, Day = Tuesday, Time = 52s, Fake Time = 49s
---
Entity 0:, Position = (6.89, 6.89)
Entity 1:, Position = (3.11, 3.11)
Entity 2:, Number = 46, Day = Wednesday, Time = 52s, Fake Time = 49s
---
Entity 0:, Position = (7.04, 7.04)
Entity 1:, Position = (2.96, 2.96)
Entity 2:, Number = 47, Day = Wednesday, Time = 52s, Fake Time = 49s
---
Entity 0:, Position = (7.20, 7.20)
Entity 1:, Position = (2.80, 2.80)
Entity 2:, Number = 48, Day = Thursday, Time = 52s, Fake Time = 52s
---
Entity 0:, Position = (7.35, 7.35)
Entity 1:, Position = (2.65, 2.65)
Entity 2:, Number = 49, Day = Thursday, Time = 52s, Fake Time = 52s
---
Entity 0:, Position = (7.50, 7.50)
Entity 1:, Position = (2.50, 2.50)
Entity 2:, Number = 50, Day = Friday, Time = 52s, Fake Time = 52s
---
Entity 0:, Position = (7.65, 7.65)
Entity 1:, Position = (2.35, 2.35)
Entity 2:, Number = 51, Day = Friday, Time = 52s, Fake Time = 52s
---
Entity 0:, Position = (7.81, 7.81)
Entity 1:, Position = (2.19, 2.19)
Entity 2:, Number = 52, Day = Saturday, Time = 52s, Fake Time = 52s
---
Entity 0:, Position = (7.96, 7.96)
Entity 1:, Position = (2.04, 2.04)
Entity 2:, Number = 53, Day = Saturday, Time = 53s, Fake Time = 52s
---
Entity 0:, Position = (8.11, 8.11)
Entity 1:, Position = (1.89, 1.89)
Entity 2:, Number = 54, Day = Sunday, Time = 53s, Fake Time = 52s
---
Entity 0:, Position = (8.26, 8.26)
Entity 1:, Position = (1.74, 1.74)
Entity 2:, Number = 55, Day = Sunday, Time = 53s, Fake Time = 52s
---
Entity 0:, Position = (8.42, 8.42)
Entity 1:, Position = (1.58, 1.58)
Entity 2:, Number = 56, Day = Monday, Time = 53s, Fake Time = 52s
---
Entity 0:, Position = (8.57, 8.57)
Entity 1:, Position = (1.43, 1.43)
Entity 2:, Number = 57, Day = Monday, Time = 53s, Fake Time = 52s
---
Entity 0:, Position = (8.72, 8.72)
Entity 1:, Position = (1.28, 1.28)
Entity 2:, Number = 58, Day = Tuesday, Time = 53s, Fake Time = 52s
---
Entity 0:, Position = (8.87, 8.87)
Entity 1:, Position = (1.13, 1.13)
Entity 2:, Number = 59, Day = Tuesday, Time = 54s, Fake Time = 52s
---
Entity 0:, Position = (9.03, 9.03)
Entity 1:, Position = (0.97, 0.97)
Entity 2:, Number = 60, Day = Wednesday, Time = 54s, Fake Time = 52s
---
Entity 0:, Position = (9.18, 9.18)
Entity 1:, Position = (0.82, 0.82)
Entity 2:, Number = 61, Day = Wednesday, Time = 54s, Fake Time = 52s
---
Entity 0:, Position = (9.33, 9.33)
Entity 1:, Position = (0.67, 0.67)
Entity 2:, Number = 62, Day = Thursday, Time = 54s, Fake Time = 52s
---
Entity 0:, Position = (9.48, 9.48)
Entity 1:, Position = (0.52, 0.52)
Entity 2:, Number = 63, Day = Thursday, Time = 54s, Fake Time = 52s
---
Entity 0:, Position = (9.63, 9.63)
Entity 1:, Position = (0.37, 0.37)
Entity 2:, Number = 64, Day = Friday, Time = 55s, Fake Time = 52s
---
Entity 0:, Position = (9.79, 9.79)
Entity 1:, Position = (0.21, 0.21)
Entity 2:, Number = 65, Day = Friday, Time = 55s, Fake Time = 52s
---
Entity 0:, Position = (9.94, 9.94)
Entity 1:, Position = (0.06, 0.06)
Entity 2:, Number = 66, Day = Saturday, Time = 55s, Fake Time = 52s
---
Entity 0:, Position = (10.09, 10.09)
Entity 1:, Position = (-0.09, -0.09)
Entity 2:, Number = 67, Day = Saturday, Time = 55s, Fake Time = 52s
---
Entity 0:, Position = (10.24, 10.24)
Entity 1:, Position = (-0.24, -0.24)
Entity 2:, Number = 68, Day = Sunday, Time = 55s, Fake Time = 56s
---
Entity 0:, Position = (10.39, 10.39)
Entity 1:, Position = (-0.39, -0.39)
Entity 2:, Number = 69, Day = Sunday, Time = 55s, Fake Time = 56s
---
Entity 0:, Position = (10.55, 10.55)
Entity 1:, Position = (-0.55, -0.55)
Entity 2:, Number = 70, Day = Monday, Time = 55s, Fake Time = 56s
---
Entity 0:, Position = (10.70, 10.70)
Entity 1:, Position = (-0.70, -0.70)
Entity 2:, Number = 71, Day = Monday, Time = 56s, Fake Time = 56s
---
Entity 0:, Position = (10.85, 10.85)
Entity 1:, Position = (-0.85, -0.85)
Entity 2:, Number = 72, Day = Tuesday, Time = 56s, Fake Time = 56s
---
Entity 0:, Position = (11.00, 11.00)
Entity 1:, Position = (-1.00, -1.00)
Entity 2:, Number = 73, Day = Tuesday, Time = 56s, Fake Time = 56s
---
Entity 0:, Position = (11.16, 11.16)
Entity 1:, Position = (-1.16, -1.16)
Entity 2:, Number = 74, Day = Wednesday, Time = 56s, Fake Time = 56s
---
Entity 0:, Position = (11.31, 11.31)
Entity 1:, Position = (-1.31, -1.31)
Entity 2:, Number = 75, Day = Wednesday, Time = 57s, Fake Time = 56s
---
Entity 0:, Position = (11.46, 11.46)
Entity 1:, Position = (-1.46, -1.46)
Entity 2:, Number = 76, Day = Thursday, Time = 57s, Fake Time = 56s
---
Entity 0:, Position = (11.61, 11.61)
Entity 1:, Position = (-1.61, -1.61)
Entity 2:, Number = 77, Day = Thursday, Time = 57s, Fake Time = 56s
---
Entity 0:, Position = (11.77, 11.77)
Entity 1:, Position = (-1.77, -1.77)
Entity 2:, Number = 78, Day = Friday, Time = 57s, Fake Time = 56s
---
Entity 0:, Position = (11.92, 11.92)
Entity 1:, Position = (-1.92, -1.92)
Entity 2:, Number = 79, Day = Friday, Time = 57s, Fake Time = 56s
---
Entity 0:, Position = (12.07, 12.07)
Entity 1:, Position = (-2.07, -2.07)
Entity 2:, Number = 80, Day = Saturday, Time = 57s, Fake Time = 56s
---
Entity 0:, Position = (12.22, 12.22)
Entity 1:, Position = (-2.22, -2.22)
Entity 2:, Number = 81, Day = Saturday, Time = 57s, Fake Time = 56s
---
Entity 0:, Position = (12.37, 12.37)
Entity 1:, Position = (-2.37, -2.37)
Entity 2:, Number = 82, Day = Sunday, Time = 57s, Fake Time = 56s
---
Entity 0:, Position = (12.53, 12.53)
Entity 1:, Position = (-2.53, -2.53)
Entity 2:, Number = 83, Day = Sunday, Time = 57s, Fake Time = 56s
---
Entity 0:, Position = (12.68, 12.68)
Entity 1:, Position = (-2.68, -2.68)
Entity 2:, Number = 84, Day = Monday, Time = 57s, Fake Time = 56s
---
Entity 0:, Position = (12.83, 12.83)
Entity 1:, Position = (-2.83, -2.83)
Entity 2:, Number = 85, Day = Monday, Time = 57s, Fake Time = 56s
---
Entity 0:, Position = (12.98, 12.98)
Entity 1:, Position = (-2.98, -2.98)
Entity 2:, Number = 86, Day = Tuesday, Time = 57s, Fake Time = 56s
---
Entity 0:, Position = (13.14, 13.14)
Entity 1:, Position = (-3.14, -3.14)
Entity 2:, Number = 87, Day = Tuesday, Time = 57s, Fake Time = 56s
---
Entity 0:, Position = (13.29, 13.29)
Entity 1:, Position = (-3.29, -3.29)
Entity 2:, Number = 88, Day = Wednesday, Time = 57s, Fake Time = 59s
---
Entity 0:, Position = (13.44, 13.44)
Entity 1:, Position = (-3.44, -3.44)
Entity 2:, Number = 89, Day = Wednesday, Time = 59s, Fake Time = 59s
---
Entity 0:, Position = (13.59, 13.59)
Entity 1:, Position = (-3.59, -3.59)
Entity 2:, Number = 90, Day = Thursday, Time = 59s, Fake Time = 59s
---
Entity 0:, Position = (13.74, 13.74)
Entity 1:, Position = (-3.74, -3.74)
Entity 2:, Number = 91, Day = Thursday, Time = 59s, Fake Time = 59s
---
Entity 0:, Position = (13.90, 13.90)
Entity 1:, Position = (-3.90, -3.90)
Entity 2:, Number = 92, Day = Friday, Time = 59s, Fake Time = 59s
---
Entity 0:, Position = (14.05, 14.05)
Entity 1:, Position = (-4.05, -4.05)
Entity 2:, Number = 93, Day = Friday, Time = 59s, Fake Time = 59s
---
Entity 0:, Position = (14.20, 14.20)
Entity 1:, Position = (-4.20, -4.20)
Entity 2:, Number = 94, Day = Saturday, Time = 59s, Fake Time = 59s
---
Entity 0:, Position = (14.35, 14.35)
Entity 1:, Position = (-4.35, -4.35)
Entity 2:, Number = 95, Day = Saturday, Time = 59s, Fake Time = 59s
---
Entity 0:, Position = (14.51, 14.51)
Entity 1:, Position = (-4.51, -4.51)
Entity 2:, Number = 96, Day = Sunday, Time = 59s, Fake Time = 59s
---
Entity 0:, Position = (14.66, 14.66)
Entity 1:, Position = (-4.66, -4.66)
Entity 2:, Number = 97, Day = Sunday, Time = 59s, Fake Time = 59s
---
Entity 0:, Position = (14.81, 14.81)
Entity 1:, Position = (-4.81, -4.81)
Entity 2:, Number = 98, Day = Monday, Time = 00s, Fake Time = 59s
---
Entity 0:, Position = (14.96, 14.96)
Entity 1:, Position = (-4.96, -4.96)
Entity 2:, Number = 99, Day = Monday, Time = 00s, Fake Time = 59s
---
